{
  "RSpec": {
    "coverage": {
      "/Users/jenniferlao/turing/mod3/projects/rales_engine/config/environment.rb": [
        null,
        1,
        null,
        null,
        1
      ],
      "/Users/jenniferlao/turing/mod3/projects/rales_engine/config/application.rb": [
        1,
        null,
        1,
        1,
        null,
        1,
        1,
        1,
        1,
        1,
        1,
        1,
        1,
        null,
        null,
        null,
        null,
        null,
        1,
        null,
        1,
        1,
        null,
        1,
        null,
        null,
        null,
        null,
        null,
        null,
        null,
        null,
        null,
        1,
        null,
        null
      ],
      "/Users/jenniferlao/turing/mod3/projects/rales_engine/config/boot.rb": [
        1,
        null,
        1,
        1
      ],
      "/Users/jenniferlao/turing/mod3/projects/rales_engine/config/environments/test.rb": [
        1,
        null,
        null,
        null,
        null,
        null,
        null,
        1,
        null,
        null,
        null,
        null,
        1,
        null,
        null,
        1,
        1,
        null,
        null,
        null,
        null,
        1,
        1,
        null,
        null,
        1,
        null,
        null,
        1,
        null,
        null,
        1,
        null,
        1,
        null,
        null,
        null,
        null,
        1,
        null,
        null,
        1,
        null,
        null,
        null,
        null
      ],
      "/Users/jenniferlao/turing/mod3/projects/rales_engine/config/initializers/application_controller_renderer.rb": [
        null,
        null,
        null,
        null,
        null,
        null,
        null,
        null
      ],
      "/Users/jenniferlao/turing/mod3/projects/rales_engine/config/initializers/backtrace_silencers.rb": [
        null,
        null,
        null,
        null,
        null,
        null,
        null
      ],
      "/Users/jenniferlao/turing/mod3/projects/rales_engine/config/initializers/cors.rb": [
        null,
        null,
        null,
        null,
        null,
        null,
        null,
        null,
        null,
        null,
        null,
        null,
        null,
        null,
        null,
        null
      ],
      "/Users/jenniferlao/turing/mod3/projects/rales_engine/config/initializers/filter_parameter_logging.rb": [
        null,
        null,
        null,
        1
      ],
      "/Users/jenniferlao/turing/mod3/projects/rales_engine/config/initializers/inflections.rb": [
        null,
        null,
        null,
        null,
        null,
        null,
        null,
        null,
        null,
        null,
        null,
        null,
        null,
        null,
        null,
        null
      ],
      "/Users/jenniferlao/turing/mod3/projects/rales_engine/config/initializers/mime_types.rb": [
        null,
        null,
        null,
        null
      ],
      "/Users/jenniferlao/turing/mod3/projects/rales_engine/config/initializers/wrap_parameters.rb": [
        null,
        null,
        null,
        null,
        null,
        null,
        1,
        2,
        null,
        null,
        null,
        null,
        null,
        null
      ],
      "/Users/jenniferlao/turing/mod3/projects/rales_engine/spec/factories/customers.rb": [
        1,
        1,
        99,
        101,
        null,
        null
      ],
      "/Users/jenniferlao/turing/mod3/projects/rales_engine/spec/factories/invoice_items.rb": [
        1,
        1,
        1,
        1,
        28,
        29,
        null,
        null
      ],
      "/Users/jenniferlao/turing/mod3/projects/rales_engine/spec/factories/invoices.rb": [
        1,
        1,
        1,
        1,
        75,
        null,
        null
      ],
      "/Users/jenniferlao/turing/mod3/projects/rales_engine/spec/factories/items.rb": [
        1,
        1,
        57,
        59,
        59,
        1,
        null,
        null
      ],
      "/Users/jenniferlao/turing/mod3/projects/rales_engine/spec/factories/merchants.rb": [
        1,
        1,
        153,
        null,
        null
      ],
      "/Users/jenniferlao/turing/mod3/projects/rales_engine/spec/factories/transactions.rb": [
        1,
        1,
        1,
        25,
        25,
        25,
        null,
        null
      ],
      "/Users/jenniferlao/turing/mod3/projects/rales_engine/config/routes.rb": [
        1,
        null,
        1,
        1,
        1,
        1,
        1,
        1,
        1,
        1,
        1,
        1,
        null,
        1,
        1,
        1,
        null,
        null,
        1,
        1,
        1,
        1,
        1,
        1,
        null,
        1,
        null,
        1,
        1,
        1,
        1,
        null,
        1,
        null,
        1,
        1,
        1,
        1,
        null,
        1,
        1,
        1,
        1,
        1,
        1,
        null,
        null,
        1,
        1,
        1,
        1,
        null,
        1,
        1,
        1,
        null,
        null,
        1,
        1,
        1,
        1,
        null,
        1,
        null,
        null,
        null
      ],
      "/Users/jenniferlao/turing/mod3/projects/rales_engine/app/models/customer.rb": [
        1,
        1,
        null,
        1,
        null,
        null,
        null,
        null,
        null,
        null,
        0,
        null,
        null,
        null
      ],
      "/Users/jenniferlao/turing/mod3/projects/rales_engine/app/models/application_record.rb": [
        1,
        1,
        null,
        1,
        6,
        null,
        null
      ],
      "/Users/jenniferlao/turing/mod3/projects/rales_engine/spec/models/invoice_item_spec.rb": [
        1,
        null,
        1,
        1,
        null
      ],
      "/Users/jenniferlao/turing/mod3/projects/rales_engine/app/models/invoice_item.rb": [
        1,
        1,
        1,
        null
      ],
      "/Users/jenniferlao/turing/mod3/projects/rales_engine/spec/models/invoice_spec.rb": [
        1,
        null,
        1,
        1,
        null
      ],
      "/Users/jenniferlao/turing/mod3/projects/rales_engine/app/models/invoice.rb": [
        1,
        1,
        1,
        1,
        1,
        1,
        null,
        1,
        null,
        null,
        null,
        null,
        null,
        null,
        0,
        null,
        null
      ],
      "/Users/jenniferlao/turing/mod3/projects/rales_engine/spec/models/item_spec.rb": [
        1,
        null,
        1,
        1,
        2,
        null,
        null,
        null
      ],
      "/Users/jenniferlao/turing/mod3/projects/rales_engine/app/models/item.rb": [
        1,
        1,
        1,
        1,
        null,
        1,
        null,
        null,
        null,
        null,
        0,
        null,
        null,
        1,
        null,
        null,
        null,
        null,
        0,
        null,
        null,
        null
      ],
      "/Users/jenniferlao/turing/mod3/projects/rales_engine/spec/models/merchant_spec.rb": [
        1,
        null,
        1,
        1,
        2,
        2,
        null,
        null
      ],
      "/Users/jenniferlao/turing/mod3/projects/rales_engine/app/models/merchant.rb": [
        1,
        1,
        1,
        null,
        1,
        null,
        null,
        null,
        null,
        null,
        0,
        null,
        null,
        1,
        null,
        null,
        null,
        null,
        1,
        null,
        null,
        1,
        null,
        null,
        null,
        null,
        null,
        0,
        null,
        null,
        1,
        null,
        null,
        null,
        null,
        null,
        null,
        0,
        null,
        null,
        null
      ],
      "/Users/jenniferlao/turing/mod3/projects/rales_engine/spec/models/transaction_spec.rb": [
        1,
        null,
        1,
        1,
        null
      ],
      "/Users/jenniferlao/turing/mod3/projects/rales_engine/app/models/transaction.rb": [
        1,
        1,
        null
      ],
      "/Users/jenniferlao/turing/mod3/projects/rales_engine/spec/requests/api/v1/business_intelligence/merchant_business_intelligence_spec.rb": [
        1,
        null,
        1,
        1,
        1,
        1,
        1,
        1,
        1,
        null,
        1,
        null,
        1,
        1,
        1,
        null,
        null
      ],
      "/Users/jenniferlao/turing/mod3/projects/rales_engine/spec/requests/api/v1/customers_request_spec.rb": [
        1,
        null,
        null,
        1,
        1,
        1,
        null,
        1,
        1,
        1,
        1,
        null,
        null,
        1,
        1,
        null,
        1,
        null,
        1,
        1,
        1,
        null,
        null,
        1,
        1,
        1,
        null,
        1,
        null,
        1,
        1,
        1,
        1,
        null,
        null,
        1,
        1,
        1,
        null,
        1,
        null,
        1,
        1,
        1,
        1,
        null,
        null,
        1,
        1,
        1,
        null,
        1,
        null,
        1,
        null,
        1,
        1,
        1,
        null,
        null,
        1,
        1,
        1,
        null,
        1,
        null,
        1,
        null,
        1,
        1,
        1,
        null,
        null,
        1,
        1,
        1,
        null,
        1,
        null,
        1,
        1,
        1,
        1,
        null,
        null,
        1,
        1,
        1,
        1,
        null,
        1,
        null,
        1,
        null,
        1,
        1,
        1,
        1,
        null,
        null,
        1,
        1,
        1,
        1,
        null,
        1,
        null,
        1,
        null,
        1,
        1,
        1,
        1,
        null,
        null,
        1,
        1,
        1,
        1,
        null,
        1,
        null,
        1,
        null,
        1,
        1,
        1,
        1,
        null,
        null,
        1,
        1,
        1,
        null,
        1,
        null,
        1,
        1,
        1,
        null,
        null
      ],
      "/Users/jenniferlao/turing/mod3/projects/rales_engine/spec/requests/api/v1/invoice_items_request_spec.rb": [
        1,
        null,
        1,
        1,
        1,
        null,
        1,
        1,
        1,
        1,
        null,
        null,
        1,
        1,
        null,
        1,
        null,
        1,
        1,
        1,
        null,
        null,
        1,
        1,
        1,
        null,
        1,
        null,
        1,
        1,
        1,
        1,
        null,
        null,
        1,
        1,
        1,
        null,
        1,
        null,
        1,
        null,
        1,
        1,
        1,
        null,
        null,
        1,
        1,
        1,
        null,
        1,
        null,
        1,
        null,
        1,
        1,
        1,
        null,
        null,
        1,
        1,
        1,
        null,
        1,
        null,
        1,
        1,
        1,
        1,
        null,
        null,
        1,
        1,
        1,
        1,
        null,
        1,
        null,
        1,
        null,
        1,
        1,
        1,
        1,
        null,
        null,
        1,
        1,
        1,
        1,
        null,
        1,
        null,
        1,
        null,
        1,
        1,
        1,
        1,
        null,
        null,
        1,
        1,
        1,
        null,
        1,
        null,
        1,
        1,
        1,
        null,
        null
      ],
      "/Users/jenniferlao/turing/mod3/projects/rales_engine/spec/requests/api/v1/invoices_request_spec.rb": [
        1,
        null,
        1,
        1,
        1,
        null,
        1,
        1,
        1,
        1,
        null,
        null,
        1,
        1,
        null,
        1,
        null,
        1,
        1,
        1,
        null,
        null,
        1,
        1,
        1,
        null,
        1,
        null,
        1,
        1,
        1,
        1,
        null,
        null,
        1,
        1,
        1,
        null,
        1,
        null,
        1,
        null,
        1,
        1,
        1,
        null,
        null,
        1,
        1,
        1,
        null,
        1,
        null,
        1,
        null,
        1,
        1,
        1,
        null,
        null,
        1,
        1,
        1,
        null,
        1,
        null,
        1,
        1,
        1,
        1,
        null,
        null,
        1,
        1,
        1,
        1,
        null,
        1,
        null,
        1,
        null,
        1,
        1,
        1,
        1,
        null,
        null,
        1,
        1,
        1,
        1,
        null,
        1,
        null,
        1,
        null,
        1,
        1,
        1,
        1,
        null,
        null,
        1,
        1,
        1,
        null,
        1,
        null,
        1,
        1,
        1,
        null,
        null
      ],
      "/Users/jenniferlao/turing/mod3/projects/rales_engine/spec/requests/api/v1/items_request_spec.rb": [
        1,
        null,
        1,
        1,
        1,
        null,
        1,
        1,
        1,
        1,
        null,
        null,
        1,
        1,
        null,
        1,
        null,
        1,
        1,
        1,
        null,
        null,
        1,
        1,
        1,
        null,
        1,
        null,
        1,
        1,
        1,
        1,
        null,
        null,
        1,
        1,
        1,
        null,
        1,
        null,
        1,
        1,
        1,
        1,
        null,
        null,
        1,
        1,
        1,
        null,
        1,
        null,
        1,
        null,
        1,
        1,
        1,
        null,
        null,
        1,
        1,
        1,
        null,
        1,
        null,
        1,
        null,
        1,
        1,
        1,
        null,
        null,
        1,
        1,
        1,
        null,
        1,
        null,
        1,
        1,
        1,
        1,
        null,
        null,
        1,
        1,
        1,
        1,
        null,
        1,
        null,
        1,
        null,
        1,
        1,
        1,
        1,
        null,
        null,
        1,
        1,
        1,
        1,
        null,
        1,
        null,
        1,
        null,
        1,
        1,
        1,
        1,
        null,
        null,
        1,
        1,
        1,
        1,
        null,
        1,
        null,
        1,
        null,
        1,
        1,
        1,
        1,
        null,
        null,
        1,
        1,
        1,
        null,
        1,
        null,
        1,
        1,
        1,
        null,
        null
      ],
      "/Users/jenniferlao/turing/mod3/projects/rales_engine/spec/requests/api/v1/merchants_request_spec.rb": [
        1,
        null,
        1,
        1,
        1,
        null,
        1,
        1,
        1,
        1,
        null,
        null,
        1,
        1,
        null,
        1,
        null,
        1,
        1,
        1,
        null,
        null,
        1,
        1,
        1,
        null,
        1,
        null,
        1,
        1,
        1,
        1,
        null,
        null,
        1,
        1,
        1,
        null,
        1,
        null,
        1,
        1,
        1,
        1,
        null,
        null,
        1,
        1,
        1,
        null,
        1,
        null,
        1,
        null,
        1,
        1,
        1,
        null,
        null,
        1,
        1,
        1,
        null,
        1,
        null,
        1,
        null,
        1,
        1,
        1,
        null,
        null,
        1,
        1,
        1,
        null,
        1,
        null,
        1,
        1,
        1,
        1,
        null,
        null,
        1,
        1,
        1,
        1,
        null,
        1,
        null,
        1,
        null,
        1,
        1,
        1,
        1,
        null,
        null,
        1,
        1,
        1,
        1,
        null,
        1,
        null,
        1,
        null,
        1,
        1,
        1,
        1,
        null,
        null,
        1,
        1,
        1,
        1,
        null,
        1,
        null,
        1,
        null,
        1,
        1,
        1,
        1,
        null,
        null,
        1,
        1,
        1,
        null,
        1,
        null,
        1,
        1,
        1,
        null,
        null
      ],
      "/Users/jenniferlao/turing/mod3/projects/rales_engine/spec/requests/api/v1/relationships/invoice_items_relationships_spec.rb": [
        1,
        null,
        1,
        1,
        1,
        1,
        null,
        1,
        null,
        1,
        null,
        1,
        1,
        null,
        null,
        1,
        1,
        1,
        null,
        1,
        null,
        1,
        null,
        1,
        1,
        null,
        null
      ],
      "/Users/jenniferlao/turing/mod3/projects/rales_engine/spec/requests/api/v1/relationships/invoice_relationships_spec.rb": [
        1,
        null,
        1,
        1,
        1,
        1,
        null,
        1,
        null,
        1,
        null,
        1,
        1,
        null,
        null,
        1,
        1,
        1,
        null,
        1,
        null,
        1,
        null,
        1,
        1,
        null,
        null,
        1,
        1,
        1,
        1,
        1,
        null,
        null,
        1,
        null,
        1,
        null,
        1,
        1,
        null,
        null,
        1,
        1,
        1,
        null,
        1,
        null,
        1,
        null,
        1,
        1,
        null,
        null,
        1,
        1,
        1,
        null,
        1,
        null,
        1,
        null,
        1,
        1,
        null,
        null
      ],
      "/Users/jenniferlao/turing/mod3/projects/rales_engine/spec/requests/api/v1/relationships/merchant_relationships_spec.rb": [
        1,
        null,
        1,
        1,
        1,
        1,
        1,
        null,
        1,
        null,
        1,
        null,
        1,
        1,
        null,
        null,
        1,
        1,
        1,
        1,
        null,
        1,
        null,
        1,
        null,
        1,
        1,
        null,
        null
      ],
      "/Users/jenniferlao/turing/mod3/projects/rales_engine/spec/requests/api/v1/transactions_request_spec.rb": [
        1,
        null,
        1,
        1,
        1,
        null,
        1,
        1,
        1,
        1,
        null,
        null,
        1,
        1,
        null,
        1,
        null,
        1,
        1,
        1,
        null,
        null,
        1,
        1,
        1,
        null,
        1,
        null,
        1,
        1,
        1,
        1,
        null,
        null,
        1,
        1,
        1,
        null,
        1,
        null,
        1,
        null,
        1,
        1,
        1,
        null,
        null,
        1,
        1,
        1,
        null,
        1,
        null,
        1,
        null,
        1,
        1,
        1,
        null,
        null,
        1,
        1,
        1,
        null,
        1,
        null,
        1,
        1,
        1,
        1,
        null,
        null,
        1,
        1,
        1,
        1,
        null,
        1,
        null,
        1,
        null,
        1,
        1,
        1,
        1,
        null,
        null,
        1,
        1,
        1,
        1,
        null,
        1,
        null,
        1,
        null,
        1,
        1,
        1,
        1,
        null,
        null,
        1,
        1,
        1,
        null,
        1,
        null,
        1,
        1,
        1,
        null,
        null
      ],
      "/Users/jenniferlao/turing/mod3/projects/rales_engine/app/controllers/api/v1/merchants/revenue_controller.rb": [
        1,
        1,
        0,
        null,
        null,
        1,
        1,
        null,
        null
      ],
      "/Users/jenniferlao/turing/mod3/projects/rales_engine/app/controllers/application_controller.rb": [
        1,
        null
      ],
      "/Users/jenniferlao/turing/mod3/projects/rales_engine/app/serializers/merchant_serializer.rb": [
        1,
        1,
        1,
        1,
        null
      ],
      "/Users/jenniferlao/turing/mod3/projects/rales_engine/app/controllers/api/v1/customers_controller.rb": [
        1,
        null,
        1,
        1,
        null,
        null,
        1,
        2,
        1,
        null,
        1,
        null,
        null,
        null
      ],
      "/Users/jenniferlao/turing/mod3/projects/rales_engine/app/serializers/customer_serializer.rb": [
        1,
        1,
        1,
        null
      ],
      "/Users/jenniferlao/turing/mod3/projects/rales_engine/app/controllers/api/v1/customers/search_controller.rb": [
        1,
        null,
        1,
        3,
        null,
        null,
        1,
        6,
        1,
        null,
        5,
        null,
        null,
        null,
        null,
        1,
        1,
        14,
        null
      ],
      "/Users/jenniferlao/turing/mod3/projects/rales_engine/app/controllers/api/v1/invoice_items_controller.rb": [
        1,
        null,
        1,
        2,
        1,
        null,
        1,
        null,
        null,
        null,
        1,
        1,
        null,
        null
      ],
      "/Users/jenniferlao/turing/mod3/projects/rales_engine/app/serializers/invoice_item_serializer.rb": [
        1,
        1,
        1,
        null
      ],
      "/Users/jenniferlao/turing/mod3/projects/rales_engine/app/controllers/api/v1/invoice_items/search_controller.rb": [
        1,
        null,
        1,
        2,
        null,
        null,
        1,
        5,
        1,
        null,
        4,
        null,
        null,
        null,
        null,
        1,
        1,
        11,
        null
      ],
      "/Users/jenniferlao/turing/mod3/projects/rales_engine/app/controllers/api/v1/invoices_controller.rb": [
        1,
        null,
        1,
        2,
        1,
        null,
        1,
        null,
        null,
        null,
        1,
        2,
        1,
        null,
        1,
        null,
        null,
        null
      ],
      "/Users/jenniferlao/turing/mod3/projects/rales_engine/app/serializers/invoice_serializer.rb": [
        1,
        1,
        1,
        null
      ],
      "/Users/jenniferlao/turing/mod3/projects/rales_engine/app/controllers/api/v1/invoices/search_controller.rb": [
        1,
        null,
        1,
        2,
        null,
        null,
        1,
        5,
        1,
        null,
        4,
        null,
        null,
        null,
        null,
        1,
        1,
        11,
        null
      ],
      "/Users/jenniferlao/turing/mod3/projects/rales_engine/app/controllers/api/v1/items_controller.rb": [
        1,
        null,
        1,
        3,
        1,
        2,
        1,
        null,
        1,
        null,
        null,
        null,
        1,
        2,
        1,
        null,
        1,
        null,
        null,
        null
      ],
      "/Users/jenniferlao/turing/mod3/projects/rales_engine/app/serializers/item_serializer.rb": [
        1,
        1,
        1,
        null
      ],
      "/Users/jenniferlao/turing/mod3/projects/rales_engine/app/controllers/api/v1/items/search_controller.rb": [
        1,
        null,
        1,
        3,
        null,
        null,
        1,
        6,
        1,
        null,
        5,
        null,
        null,
        null,
        null,
        1,
        1,
        14,
        null
      ],
      "/Users/jenniferlao/turing/mod3/projects/rales_engine/app/controllers/api/v1/merchants_controller.rb": [
        1,
        1,
        1,
        null,
        null,
        1,
        2,
        1,
        null,
        1,
        null,
        null,
        null
      ],
      "/Users/jenniferlao/turing/mod3/projects/rales_engine/app/controllers/api/v1/merchants/search_controller.rb": [
        1,
        null,
        1,
        3,
        null,
        null,
        1,
        6,
        1,
        null,
        5,
        null,
        null,
        null,
        null,
        1,
        1,
        14,
        null
      ],
      "/Users/jenniferlao/turing/mod3/projects/rales_engine/app/controllers/api/v1/transactions_controller.rb": [
        1,
        null,
        1,
        2,
        1,
        null,
        1,
        null,
        null,
        null,
        1,
        1,
        null,
        null
      ],
      "/Users/jenniferlao/turing/mod3/projects/rales_engine/app/serializers/transaction_serializer.rb": [
        1,
        1,
        1,
        null
      ],
      "/Users/jenniferlao/turing/mod3/projects/rales_engine/app/controllers/api/v1/transactions/search_controller.rb": [
        1,
        null,
        1,
        2,
        null,
        null,
        1,
        5,
        1,
        null,
        4,
        null,
        null,
        null,
        null,
        1,
        1,
        11,
        null
      ]
    },
    "timestamp": 1543686166
  }
}
